2025-06-24 13:54:10,945 - INFO - Successfully authenticated with Google Sheets API
2025-06-24 13:54:13,183 - INFO - Opened spreadsheet: Danish
2025-06-24 13:54:15,659 - INFO - Loaded 201 dates from CORRECT DATES
2025-06-24 13:54:17,315 - ERROR - Failed to load data sheets: Sheet "TRAFFIC AVERAGE" not found.
2025-06-24 13:56:37,777 - INFO - Successfully authenticated with Google Sheets API
2025-06-24 13:57:00,857 - INFO - Successfully authenticated with Google Sheets API
2025-06-24 13:57:02,784 - INFO - Opened spreadsheet: Danish
2025-06-24 13:57:05,700 - INFO - Loaded 201 dates from CORRECT DATES
2025-06-24 13:57:10,208 - ERROR - Failed to load data sheets: Sheet "TRAFFIC AVERAGE" not found.
2025-06-24 14:00:13,899 - INFO - Successfully authenticated with Google Sheets API
2025-06-24 14:00:19,230 - INFO - Successfully authenticated with Google Sheets API
2025-06-24 14:00:21,548 - INFO - Opened spreadsheet: Danish
2025-06-24 14:00:24,134 - INFO - Loaded 201 dates from CORRECT DATES
2025-06-24 14:00:26,250 - ERROR - Failed to load data sheets: Sheet "TRAFFIC AVERAGE" not found.
2025-06-24 14:04:48,320 - INFO - Successfully authenticated with Google Sheets API
2025-06-24 14:04:50,705 - INFO - Opened spreadsheet: Danish
2025-06-24 14:04:53,889 - INFO - Loaded 201 dates from CORRECT DATES
2025-06-24 14:04:56,157 - ERROR - Failed to load data sheets: Sheet "TRAFFIC AVERAGE" not found.
2025-06-24 14:06:52,282 - INFO - Successfully authenticated with Google Sheets API
2025-06-24 14:06:54,331 - INFO - Opened spreadsheet: Danish
2025-06-24 14:06:56,490 - INFO - Loaded 201 dates from CORRECT DATES
2025-06-24 14:06:57,638 - ERROR - Failed to load data sheets: Sheet "TRAFFIC AVERAGE" not found.
2025-06-24 15:24:28,715 - INFO - Successfully authenticated with Google Sheets API
2025-06-24 15:24:34,386 - INFO - Opened spreadsheet: Danish
2025-06-24 15:24:38,580 - INFO - Loaded 201 dates from CORRECT DATES
2025-06-24 15:24:43,776 - INFO - Loaded sheet Traffic Average with 4981 rows
2025-06-24 15:24:49,210 - INFO - Loaded sheet Traffic Monthly with 4981 rows
2025-06-24 15:24:54,161 - INFO - Loaded sheet DR with 4981 rows
2025-06-24 15:24:59,668 - INFO - Loaded sheet RD with 4981 rows
2025-06-24 15:25:04,943 - INFO - Loaded sheet Keywords with 4981 rows
2025-06-24 15:25:04,943 - INFO - All data sheets loaded successfully
2025-06-24 15:25:17,896 - INFO - Successfully authenticated with Google Sheets API
2025-06-24 15:35:41,283 - INFO - Successfully authenticated with Google Sheets API
2025-06-24 15:35:51,660 - INFO - Successfully authenticated with Google Sheets API
2025-06-24 15:35:53,308 - INFO - Opened spreadsheet: Danish
2025-06-24 15:35:54,648 - INFO - Loaded 201 dates from CORRECT DATES
2025-06-24 15:35:57,901 - INFO - Loaded sheet Traffic Average with 4981 rows
2025-06-24 15:36:00,608 - INFO - Loaded sheet Traffic Monthly with 4981 rows
2025-06-24 15:36:03,664 - INFO - Loaded sheet DR with 4981 rows
2025-06-24 15:36:06,391 - INFO - Loaded sheet RD with 4981 rows
2025-06-24 15:36:08,460 - INFO - Loaded sheet Keywords with 4981 rows
2025-06-24 15:36:08,468 - INFO - All data sheets loaded successfully
2025-06-24 15:36:29,279 - INFO - Successfully authenticated with Google Sheets API
2025-06-24 15:37:38,429 - INFO - Successfully authenticated with Google Sheets API
2025-06-24 15:37:38,429 - INFO - Starting combined report generation
2025-06-24 15:37:40,523 - INFO - Opened spreadsheet: Danish
2025-06-24 15:37:41,949 - INFO - Loaded 201 dates from CORRECT DATES
2025-06-24 15:37:45,189 - INFO - Loaded sheet Traffic Average with 4981 rows
2025-06-24 15:37:47,835 - INFO - Loaded sheet Traffic Monthly with 4981 rows
2025-06-24 15:37:50,869 - INFO - Loaded sheet DR with 4981 rows
2025-06-24 15:37:52,928 - INFO - Loaded sheet RD with 4981 rows
2025-06-24 15:37:55,998 - INFO - Loaded sheet Keywords with 4981 rows
2025-06-24 15:37:55,998 - INFO - All data sheets loaded successfully
2025-06-24 15:37:56,000 - INFO - Processing 4981 rows with 201 dates
2025-06-24 15:37:56,400 - INFO - Found existing output sheet: Combined Report
2025-06-24 15:38:29,746 - ERROR - Error generating combined report: APIError: [429]: Quota exceeded for quota metric 'Write requests' and limit 'Write requests per minute per user' of service 'sheets.googleapis.com' for consumer 'project_number:757024206749'.
2025-06-24 15:42:47,560 - INFO - Successfully authenticated with Google Sheets API
2025-06-24 15:42:49,618 - INFO - Opened spreadsheet: Danish
2025-06-24 15:42:51,040 - INFO - Loaded 201 dates from CORRECT DATES
2025-06-24 15:42:54,334 - INFO - Loaded sheet Traffic Average with 4981 rows
2025-06-24 15:42:57,710 - INFO - Loaded sheet Traffic Monthly with 4981 rows
2025-06-24 15:43:01,072 - INFO - Loaded sheet DR with 4981 rows
2025-06-24 15:43:03,691 - INFO - Loaded sheet RD with 4981 rows
2025-06-24 15:43:06,280 - INFO - Loaded sheet Keywords with 4981 rows
2025-06-24 15:43:06,280 - INFO - All data sheets loaded successfully
2025-06-24 15:46:05,900 - INFO - Successfully authenticated with Google Sheets API
2025-06-24 15:46:05,900 - INFO - Starting combined report generation
2025-06-24 15:46:08,224 - INFO - Opened spreadsheet: Danish
2025-06-24 15:46:09,567 - INFO - Loaded 201 dates from CORRECT DATES
2025-06-24 15:46:12,563 - INFO - Loaded sheet Traffic Average with 4981 rows
2025-06-24 15:46:15,787 - INFO - Loaded sheet Traffic Monthly with 4981 rows
2025-06-24 15:46:19,090 - INFO - Loaded sheet DR with 4981 rows
2025-06-24 15:46:21,779 - INFO - Loaded sheet RD with 4981 rows
2025-06-24 15:46:24,419 - INFO - Loaded sheet Keywords with 4981 rows
2025-06-24 15:46:24,419 - INFO - All data sheets loaded successfully
2025-06-24 15:46:24,419 - INFO - Processing 4981 rows with 201 dates
2025-06-24 15:46:24,851 - INFO - Found existing output sheet: Combined Report
2025-06-24 15:47:04,146 - ERROR - Error generating combined report: APIError: [429]: Quota exceeded for quota metric 'Write requests' and limit 'Write requests per minute per user' of service 'sheets.googleapis.com' for consumer 'project_number:757024206749'.
